src/components/AdminDashboard.tsx(1655,21): error TS7053: Element implicitly has an 'any' type because expression of type 'string' can't be used to index type '{ subuh: string; dzuhur: string; ashar: string; maghrib: string; isya: string; }'.
  No index signature with a parameter of type 'string' was found on type '{ subuh: string; dzuhur: string; ashar: string; maghrib: string; isya: string; }'.
src/components/AdminDashboard.tsx(2612,34): error TS2345: Argument of type 'unknown' is not assignable to parameter of type 'string'.
src/components/AdminDashboard.tsx(2616,68): error TS18046: 'data' is of type 'unknown'.
src/components/AdminDashboard.tsx(2616,119): error TS18046: 'data' is of type 'unknown'.
src/components/AdminDashboard.tsx(2617,47): error TS18046: 'data' is of type 'unknown'.
src/components/AdminDashboard.tsx(2618,181): error TS18046: 'data' is of type 'unknown'.
src/components/AdminDashboard.tsx(2619,43): error TS2698: Spread types may only be created from object types.
src/components/AdminDashboard.tsx(2625,38): error TS2345: Argument of type 'unknown' is not assignable to parameter of type 'string'.
src/components/AdminDashboard.tsx(3358,43): error TS2538: Type 'unknown' cannot be used as an index type.
src/components/AdminDashboard.tsx(3360,32): error TS2345: Argument of type 'unknown' is not assignable to parameter of type 'string'.
src/components/AdminDashboard.tsx(3364,43): error TS18046: 'data' is of type 'unknown'.
src/components/AdminDashboard.tsx(3365,162): error TS18046: 'data' is of type 'unknown'.
src/components/AdminDashboard.tsx(3366,27): error TS18046: 'data' is of type 'unknown'.
src/components/AdminDashboard.tsx(3366,40): error TS18046: 'data' is of type 'unknown'.
src/components/AdminDashboard.tsx(3370,43): error TS2538: Type 'unknown' cannot be used as an index type.
src/components/AdminDashboard.tsx(3372,30): error TS2345: Argument of type 'unknown' is not assignable to parameter of type 'string'.
src/components/AdminDashboard.tsx(3378,34): error TS2345: Argument of type 'unknown' is not assignable to parameter of type 'string'.
src/components/AdminDashboard.tsx(3382,68): error TS18046: 'data' is of type 'unknown'.
src/components/AdminDashboard.tsx(3382,119): error TS18046: 'data' is of type 'unknown'.
src/components/AdminDashboard.tsx(3383,47): error TS18046: 'data' is of type 'unknown'.
src/components/AdminDashboard.tsx(3384,181): error TS18046: 'data' is of type 'unknown'.
src/components/AdminDashboard.tsx(3385,43): error TS2698: Spread types may only be created from object types.
src/components/AdminDashboard.tsx(3391,38): error TS2345: Argument of type 'unknown' is not assignable to parameter of type 'string'.
src/components/AdminDashboard.tsx(3397,34): error TS2345: Argument of type 'unknown' is not assignable to parameter of type 'string'.
src/components/AdminDashboard.tsx(3403,40): error TS2345: Argument of type 'unknown' is not assignable to parameter of type 'string'.
src/components/PresensiComponent.tsx(72,30): error TS2345: Argument of type 'PrayerTimesData | null' is not assignable to parameter of type 'SetStateAction<Record<string, string> | null>'.
  Type 'PrayerTimesData' is not assignable to type 'SetStateAction<Record<string, string> | null>'.
    Type 'PrayerTimesData' is not assignable to type 'Record<string, string>'.
      Index signature for type 'string' is missing in type 'PrayerTimesData'.
src/components/PresensiComponent.tsx(94,24): error TS2345: Argument of type 'PrayerTimesData | null' is not assignable to parameter of type 'SetStateAction<Record<string, string> | null>'.
  Type 'PrayerTimesData' is not assignable to type 'SetStateAction<Record<string, string> | null>'.
    Type 'PrayerTimesData' is not assignable to type 'Record<string, string>'.
      Index signature for type 'string' is missing in type 'PrayerTimesData'.
src/containers/DashboardContainer.tsx(343,40): error TS2339: Property 'message' does not exist on type 'object'.
src/containers/DashboardContainer.tsx(344,37): error TS2339: Property 'code' does not exist on type 'object'.
src/containers/DashboardContainer.tsx(345,40): error TS2339: Property 'details' does not exist on type 'object'.
src/containers/DashboardContainer.tsx(346,37): error TS2339: Property 'hint' does not exist on type 'object'.
src/containers/DashboardContainer.tsx(350,31): error TS2339: Property 'message' does not exist on type 'object'.
src/containers/DashboardContainer.tsx(351,46): error TS2339: Property 'message' does not exist on type 'object'.
src/containers/DashboardContainer.tsx(352,38): error TS2339: Property 'error' does not exist on type 'object'.
src/containers/DashboardContainer.tsx(353,46): error TS2339: Property 'error' does not exist on type 'object'.
src/containers/DashboardContainer.tsx(799,64): error TS2345: Argument of type '{ creatorId: string; creatorName: string; type: "KIE" | "Doa Bersama"; date: string; startTime: string; endTime: string; zoomUrl?: string | undefined; youtubeUrl?: string | undefined; audienceType: "rules" | "manual"; audienceRules?: AudienceRules | undefined; manualParticipantIds?: string[] | undefined; attendanceM...' is not assignable to parameter of type 'Omit<TeamAttendanceSession, "id" | "createdAt">'.
  Property 'presentUserIds' is missing in type '{ creatorId: string; creatorName: string; type: "KIE" | "Doa Bersama"; date: string; startTime: string; endTime: string; zoomUrl?: string | undefined; youtubeUrl?: string | undefined; audienceType: "rules" | "manual"; audienceRules?: AudienceRules | undefined; manualParticipantIds?: string[] | undefined; attendanceM...' but required in type 'Omit<TeamAttendanceSession, "id" | "createdAt">'.
src/containers/DashboardContainerNew.tsx(115,13): error TS2322: Type '(updates: Partial<Omit<Employee, "id" | "role">>) => Promise<void>' is not assignable to type '(userId: string, updates: Partial<Employee>) => boolean'.
  Types of parameters 'updates' and 'userId' are incompatible.
    Type 'string' has no properties in common with type 'Partial<Omit<Employee, "id" | "role">>'.
src/contexts/AppContext.tsx(209,38): error TS2339: Property 'timestamp' does not exist on type 'never'.
src/data/guides.ts(182,15): error TS2783: 'id' is specified more than once, so this usage will be overwritten.
src/data/guides.ts(196,15): error TS2783: 'id' is specified more than once, so this usage will be overwritten.
src/data/guides.ts(220,13): error TS2741: Property 'title' is missing in type '{ arabic: string; latin: string; translation: string; description: string; id: number; }' but required in type 'GuideStep'.
src/data/initializeUsers.ts(19,15): error TS2739: Type '{ monthlyActivities: {}; activatedMonths: never[]; readingHistory: never[]; quranReadingHistory: never[]; signature: null; lastAnnouncementReadTimestamp: number; canBeMentor: false; canBeSupervisor: false; ... 17 more ...; mustChangePassword: true; }' is missing the following properties from type 'Employee': email, lastVisitDate, role, notificationEnabled, profilePicture
src/data/VirtualMentor.tsx(489,26): error TS18048: 'command.updates' is possibly 'undefined'.
src/data/VirtualMentor.tsx(490,123): error TS18048: 'command.updates' is possibly 'undefined'.
src/pages/MutiaraQuranPage.tsx(65,9): error TS2322: Type '{ show: boolean; onHide: () => void; imageUrl: string; title: string; }' is not assignable to type 'IntrinsicAttributes & ShareImageModalProps'.
  Property 'show' does not exist on type 'IntrinsicAttributes & ShareImageModalProps'.
src/services/attendanceService.ts(27,26): error TS2339: Property 'entity_id' does not exist on type 'never'.
src/services/attendanceService.ts(47,31): error TS2339: Property 'employee_id' does not exist on type 'never'.
src/services/attendanceService.ts(48,28): error TS2339: Property 'employee_id' does not exist on type 'never'.
src/services/attendanceService.ts(50,26): error TS2339: Property 'employee_id' does not exist on type 'never'.
src/services/attendanceService.ts(50,46): error TS2339: Property 'entity_id' does not exist on type 'never'.
src/services/attendanceService.ts(89,15): error TS2769: No overload matches this call.
  Overload 1 of 2, '(values: never, options?: { onConflict?: string | undefined; ignoreDuplicates?: boolean | undefined; count?: "exact" | "planned" | "estimated" | undefined; } | undefined): PostgrestFilterBuilder<{ ...; }, ... 5 more ..., "POST">', gave the following error.
    Argument of type '{ employee_id: string; entity_id: string; status: "hadir" | "tidak-hadir"; reason: string | null; timestamp: string; is_late_entry: boolean; location: string | null; }' is not assignable to parameter of type 'never'.
  Overload 2 of 2, '(values: never[], options?: { onConflict?: string | undefined; ignoreDuplicates?: boolean | undefined; count?: "exact" | "planned" | "estimated" | undefined; defaultToNull?: boolean | undefined; } | undefined): PostgrestFilterBuilder<...>', gave the following error.
    Argument of type '{ employee_id: string; entity_id: string; status: "hadir" | "tidak-hadir"; reason: string | null; timestamp: string; is_late_entry: boolean; location: string | null; }' is not assignable to parameter of type 'never[]'.
      Type '{ employee_id: string; entity_id: string; status: "hadir" | "tidak-hadir"; reason: string | null; timestamp: string; is_late_entry: boolean; location: string | null; }' is missing the following properties from type 'never[]': length, pop, push, concat, and 35 more.
src/services/attendanceService.ts(144,13): error TS2769: No overload matches this call.
  Overload 1 of 2, '(values: never, options?: { onConflict?: string | undefined; ignoreDuplicates?: boolean | undefined; count?: "exact" | "planned" | "estimated" | undefined; } | undefined): PostgrestFilterBuilder<{ ...; }, ... 5 more ..., "POST">', gave the following error.
    Argument of type '{ employee_id: string; timestamp: string; entity_id: string; status: "hadir" | "tidak-hadir"; reason: string | null; is_late_entry: boolean; location: unknown; }[]' is not assignable to parameter of type 'never'.
  Overload 2 of 2, '(values: never[], options?: { onConflict?: string | undefined; ignoreDuplicates?: boolean | undefined; count?: "exact" | "planned" | "estimated" | undefined; defaultToNull?: boolean | undefined; } | undefined): PostgrestFilterBuilder<...>', gave the following error.
    Argument of type '{ employee_id: string; timestamp: string; entity_id: string; status: "hadir" | "tidak-hadir"; reason: string | null; is_late_entry: boolean; location: unknown; }[]' is not assignable to parameter of type 'never[]'.
      Type '{ employee_id: string; timestamp: string; entity_id: string; status: "hadir" | "tidak-hadir"; reason: string | null; is_late_entry: boolean; location: unknown | null; }' is not assignable to type 'never'.
src/services/dataService.ts(66,15): error TS2345: Argument of type 'Partial<{ id?: string | undefined; name: string; email: string; password: string; role: string; is_active?: boolean | undefined; notification_enabled?: boolean | undefined; profile_picture?: string | null | undefined; ... 30 more ...; updated_at?: string | undefined; }>' is not assignable to parameter of type 'never'.
src/services/dataService.ts(116,28): error TS2339: Property 'entity_id' does not exist on type 'never'.
src/services/dataService.ts(117,24): error TS2339: Property 'status' does not exist on type 'never'.
src/services/dataService.ts(118,24): error TS2339: Property 'reason' does not exist on type 'never'.
src/services/dataService.ts(119,36): error TS2339: Property 'timestamp' does not exist on type 'never'.
src/services/dataService.ts(121,29): error TS2339: Property 'is_late_entry' does not exist on type 'never'.
src/services/dataService.ts(122,26): error TS2339: Property 'location' does not exist on type 'never'.
src/services/dataService.ts(122,55): error TS2339: Property 'location' does not exist on type 'never'.
src/services/dataService.ts(142,8): error TS2769: No overload matches this call.
  Overload 1 of 2, '(values: never, options?: { onConflict?: string | undefined; ignoreDuplicates?: boolean | undefined; count?: "exact" | "planned" | "estimated" | undefined; } | undefined): PostgrestFilterBuilder<{ ...; }, ... 5 more ..., "POST">', gave the following error.
    Argument of type '{ employee_id: string; entity_id: string; status: "hadir" | "tidak-hadir"; reason: string | null; timestamp: string; is_late_entry: boolean; location: string | null; }' is not assignable to parameter of type 'never'.
  Overload 2 of 2, '(values: never[], options?: { onConflict?: string | undefined; ignoreDuplicates?: boolean | undefined; count?: "exact" | "planned" | "estimated" | undefined; defaultToNull?: boolean | undefined; } | undefined): PostgrestFilterBuilder<...>', gave the following error.
    Object literal may only specify known properties, and 'employee_id' does not exist in type 'never[]'.
src/services/dataService.ts(181,17): error TS2339: Property 'monthly_activities' does not exist on type 'never'.
src/services/dataService.ts(191,15): error TS2345: Argument of type '{ monthly_activities: Record<string, any>; }' is not assignable to parameter of type 'never'.
src/services/dataService.ts(238,16): error TS2339: Property 'id' does not exist on type 'never'.
src/services/dataService.ts(239,20): error TS2339: Property 'user_id' does not exist on type 'never'.
src/services/dataService.ts(240,25): error TS2339: Property 'surah_number' does not exist on type 'never'.
src/services/dataService.ts(241,23): error TS2339: Property 'surah_name' does not exist on type 'never'.
src/services/dataService.ts(242,24): error TS2339: Property 'ayah_number' does not exist on type 'never'.
src/services/dataService.ts(243,19): error TS2339: Property 'notes' does not exist on type 'never'.
src/services/dataService.ts(244,23): error TS2339: Property 'created_at' does not exist on type 'never'.
src/services/dataService.ts(245,23): error TS2339: Property 'updated_at' does not exist on type 'never'.
src/services/dataService.ts(246,23): error TS2339: Property 'created_at' does not exist on type 'never'.
src/services/dataService.ts(246,50): error TS2339: Property 'created_at' does not exist on type 'never'.
src/services/dataService.ts(247,22): error TS2339: Property 'ayah_text' does not exist on type 'never'.
src/services/dataService.ts(252,67): error TS2339: Property 'bookmarks' does not exist on type '{ employees: { Row: { id: string; name: string; email: string; password: string; role: string; is_active: boolean; notification_enabled: boolean; profile_picture: string | null; monthly_activities: Record<...> | null; ... 29 more ...; updated_at: string; }; Insert: { ...; }; Update: { ...; }; }; attendance_records: ...'.
src/services/dataService.ts(258,8): error TS2769: No overload matches this call.
  Overload 1 of 2, '(values: never, options?: { count?: "exact" | "planned" | "estimated" | undefined; } | undefined): PostgrestFilterBuilder<{ PostgrestVersion: "12"; }, never, never, null, "bookmarks", never, "POST">', gave the following error.
    Argument of type '{ user_id: string; surah_number: any; surah_name: any; ayah_number: any; notes: any; ayah_text: any; }' is not assignable to parameter of type 'never'.
  Overload 2 of 2, '(values: never[], options?: { count?: "exact" | "planned" | "estimated" | undefined; defaultToNull?: boolean | undefined; } | undefined): PostgrestFilterBuilder<{ PostgrestVersion: "12"; }, never, never, null, "bookmarks", never, "POST">', gave the following error.
    Object literal may only specify known properties, and 'user_id' does not exist in type 'never[]'.
src/services/dataService.ts(271,16): error TS2339: Property 'id' does not exist on type 'never'.
src/services/dataService.ts(272,20): error TS2339: Property 'user_id' does not exist on type 'never'.
src/services/dataService.ts(273,25): error TS2339: Property 'surah_number' does not exist on type 'never'.
src/services/dataService.ts(274,23): error TS2339: Property 'surah_name' does not exist on type 'never'.
src/services/dataService.ts(275,24): error TS2339: Property 'ayah_number' does not exist on type 'never'.
src/services/dataService.ts(276,19): error TS2339: Property 'notes' does not exist on type 'never'.
src/services/dataService.ts(277,23): error TS2339: Property 'created_at' does not exist on type 'never'.
src/services/dataService.ts(278,23): error TS2339: Property 'updated_at' does not exist on type 'never'.
src/services/dataService.ts(279,23): error TS2339: Property 'created_at' does not exist on type 'never'.
src/services/dataService.ts(279,50): error TS2339: Property 'created_at' does not exist on type 'never'.
src/services/dataService.ts(280,22): error TS2339: Property 'ayah_text' does not exist on type 'never'.
src/services/dataService.ts(307,8): error TS2769: No overload matches this call.
  Overload 1 of 2, '(values: never, options?: { count?: "exact" | "planned" | "estimated" | undefined; } | undefined): PostgrestFilterBuilder<{ PostgrestVersion: "12"; }, never, never, null, "quran_readings", never, "POST">', gave the following error.
    Argument of type '{ user_id: string; surah_name: string; surah_number: number; start_ayah: number; end_ayah: number; date: string; }' is not assignable to parameter of type 'never'.
  Overload 2 of 2, '(values: never[], options?: { count?: "exact" | "planned" | "estimated" | undefined; defaultToNull?: boolean | undefined; } | undefined): PostgrestFilterBuilder<{ PostgrestVersion: "12"; }, never, never, null, "quran_readings", never, "POST">', gave the following error.
    Object literal may only specify known properties, and 'user_id' does not exist in type 'never[]'.
src/services/dataService.ts(345,8): error TS2769: No overload matches this call.
  Overload 1 of 2, '(values: never, options?: { count?: "exact" | "planned" | "estimated" | undefined; } | undefined): PostgrestFilterBuilder<{ PostgrestVersion: "12"; }, never, never, null, "reading_histories", never, "POST">', gave the following error.
    Argument of type '{ user_id: string; book_title: string; pages_read: string; date_completed: string; }' is not assignable to parameter of type 'never'.
  Overload 2 of 2, '(values: never[], options?: { count?: "exact" | "planned" | "estimated" | undefined; defaultToNull?: boolean | undefined; } | undefined): PostgrestFilterBuilder<{ PostgrestVersion: "12"; }, never, never, null, "reading_histories", never, "POST">', gave the following error.
    Object literal may only specify known properties, and 'user_id' does not exist in type 'never[]'.
src/services/geminiService.ts(45,19): error TS2322: Type 'string | undefined' is not assignable to type 'string'.
  Type 'undefined' is not assignable to type 'string'.
src/services/hospitalService.ts(38,25): error TS2339: Property 'code' does not exist on type 'Omit<Hospital, "id">'.
src/services/monthlyActivityService.ts(1,33): error TS2459: Module '"@/lib/supabase"' declares 'toCamelCase' locally, but it is not exported.
src/services/teamAttendanceService.test.ts(13,27): error TS2445: Property 'supabaseUrl' is protected and only accessible within class 'SupabaseClient<Database, SchemaNameOrClientOptions, SchemaName, Schema, ClientOptions>' and its subclasses.
src/services/teamAttendanceService.test.ts(14,32): error TS2445: Property 'supabaseKey' is protected and only accessible within class 'SupabaseClient<Database, SchemaNameOrClientOptions, SchemaName, Schema, ClientOptions>' and its subclasses.
src/services/teamAttendanceService.ts(122,21): error TS2769: No overload matches this call.
  Overload 1 of 2, '(values: never, options?: { count?: "exact" | "planned" | "estimated" | undefined; } | undefined): PostgrestFilterBuilder<{ PostgrestVersion: "12"; }, never, never, null, "team_attendance_sessions", never, "POST">', gave the following error.
    Argument of type '{ creator_id: string; creator_name: string; type: "KIE" | "Doa Bersama"; date: string; start_time: string; end_time: string; audience_type: "rules" | "manual"; audience_rules: AudienceRules | undefined; ... 4 more ...; youtube_url: string | undefined; }' is not assignable to parameter of type 'never'.
  Overload 2 of 2, '(values: never[], options?: { count?: "exact" | "planned" | "estimated" | undefined; defaultToNull?: boolean | undefined; } | undefined): PostgrestFilterBuilder<{ PostgrestVersion: "12"; }, never, never, null, "team_attendance_sessions", never, "POST">', gave the following error.
    Argument of type '{ creator_id: string; creator_name: string; type: "KIE" | "Doa Bersama"; date: string; start_time: string; end_time: string; audience_type: "rules" | "manual"; audience_rules: AudienceRules | undefined; ... 4 more ...; youtube_url: string | undefined; }' is not assignable to parameter of type 'never[]'.
      Type '{ creator_id: string; creator_name: string; type: "KIE" | "Doa Bersama"; date: string; start_time: string; end_time: string; audience_type: "rules" | "manual"; audience_rules: AudienceRules | undefined; ... 4 more ...; youtube_url: string | undefined; }' is missing the following properties from type 'never[]': length, pop, push, concat, and 35 more.
src/services/teamAttendanceService.ts(145,22): error TS2339: Property 'id' does not exist on type 'never'.
src/services/teamAttendanceService.ts(146,29): error TS2339: Property 'creator_id' does not exist on type 'never'.
src/services/teamAttendanceService.ts(147,31): error TS2339: Property 'creator_name' does not exist on type 'never'.
src/services/teamAttendanceService.ts(148,24): error TS2339: Property 'type' does not exist on type 'never'.
src/services/teamAttendanceService.ts(149,24): error TS2339: Property 'date' does not exist on type 'never'.
src/services/teamAttendanceService.ts(150,29): error TS2339: Property 'start_time' does not exist on type 'never'.
src/services/teamAttendanceService.ts(151,27): error TS2339: Property 'end_time' does not exist on type 'never'.
src/services/teamAttendanceService.ts(152,32): error TS2339: Property 'audience_type' does not exist on type 'never'.
src/services/teamAttendanceService.ts(153,33): error TS2339: Property 'audience_rules' does not exist on type 'never'.
src/services/teamAttendanceService.ts(154,40): error TS2339: Property 'manual_participant_ids' does not exist on type 'never'.
src/services/teamAttendanceService.ts(155,34): error TS2339: Property 'present_user_ids' does not exist on type 'never'.
src/services/teamAttendanceService.ts(156,38): error TS2339: Property 'created_at' does not exist on type 'never'.
src/services/teamAttendanceService.ts(157,34): error TS2339: Property 'attendance_mode' does not exist on type 'never'.
src/services/teamAttendanceService.ts(158,27): error TS2339: Property 'zoom_url' does not exist on type 'never'.
src/services/teamAttendanceService.ts(159,30): error TS2339: Property 'youtube_url' does not exist on type 'never'.
src/services/teamAttendanceService.ts(180,17): error TS2345: Argument of type 'any' is not assignable to parameter of type 'never'.
